<?xml version="1.0" encoding="UTF-8" ?>
<testsuite tests="11" failures="0" name="com.mycompany.chiroSupport.sample.ReceptionistDataEntryTest" time="11.067" errors="1" skipped="0">
  <properties>
[...]
</properties>
  <testcase classname="com.mycompany.chiroSupport.sample.ReceptionistDataEntryTest" name="checkNameFld10" time="8.364"/>
  <testcase classname="com.mycompany.chiroSupport.sample.ReceptionistDataEntryTest" name="checkNameFld11" time="0.269"/>
  <testcase classname="com.mycompany.chiroSupport.sample.ReceptionistDataEntryTest" name="checkNameFld2" time="0.236"/>
  <testcase classname="com.mycompany.chiroSupport.sample.ReceptionistDataEntryTest" name="checkNameFld3" time="0.267"/>
  <testcase classname="com.mycompany.chiroSupport.sample.ReceptionistDataEntryTest" name="checkNameFld4" time="0.228"/>
  <testcase classname="com.mycompany.chiroSupport.sample.ReceptionistDataEntryTest" name="checkNameFld5" time="0.22"/>
  <testcase classname="com.mycompany.chiroSupport.sample.ReceptionistDataEntryTest" name="checkNameFld6" time="0.895"/>
  <testcase classname="com.mycompany.chiroSupport.sample.ReceptionistDataEntryTest" name="checkNameFld7" time="0.007"/>
  <testcase classname="com.mycompany.chiroSupport.sample.ReceptionistDataEntryTest" name="checkNameFld8" time="0.001"/>
  <testcase classname="com.mycompany.chiroSupport.sample.ReceptionistDataEntryTest" name="checkNameFld9" time="0.39">
    <error message="No nodes matched &apos;#patientNamefd&apos;. Screenshot saved as E:\SemProject\my-app\screenshot1494608846004.png." type="org.loadui.testfx.exceptions.NoNodesFoundException">org.loadui.testfx.exceptions.NoNodesFoundException: No nodes matched &apos;#patientNamefd&apos;. Screenshot saved as E:\SemProject\my-app\screenshot1494608846004.png.
	at org.loadui.testfx.GuiTest.assertNodesFound(GuiTest.java:244)
	at org.loadui.testfx.GuiTest.findAll(GuiTest.java:250)
	at org.loadui.testfx.GuiTest.findByCssSelector(GuiTest.java:432)
	at org.loadui.testfx.GuiTest.find(GuiTest.java:300)
	at com.mycompany.chiroSupport.sample.ReceptionistDataEntryTest.checkNameFld9(ReceptionistDataEntryTest.java:74)
	at sun.reflect.NativeMethodAccessorImpl.invoke0(Native Method)
	at sun.reflect.NativeMethodAccessorImpl.invoke(NativeMethodAccessorImpl.java:62)
	at sun.reflect.DelegatingMethodAccessorImpl.invoke(DelegatingMethodAccessorImpl.java:43)
	at java.lang.reflect.Method.invoke(Method.java:497)
	at org.junit.runners.model.FrameworkMethod$1.runReflectiveCall(FrameworkMethod.java:50)
	at org.junit.internal.runners.model.ReflectiveCallable.run(ReflectiveCallable.java:12)
	at org.junit.runners.model.FrameworkMethod.invokeExplosively(FrameworkMethod.java:47)
	at org.junit.internal.runners.statements.InvokeMethod.evaluate(InvokeMethod.java:17)
	at org.junit.internal.runners.statements.RunBefores.evaluate(RunBefores.java:26)
	at org.junit.internal.runners.statements.RunAfters.evaluate(RunAfters.java:27)
	at org.junit.runners.ParentRunner.runLeaf(ParentRunner.java:325)
	at org.junit.runners.BlockJUnit4ClassRunner.runChild(BlockJUnit4ClassRunner.java:78)
	at org.junit.runners.BlockJUnit4ClassRunner.runChild(BlockJUnit4ClassRunner.java:57)
	at org.junit.runners.ParentRunner$3.run(ParentRunner.java:290)
	at org.junit.runners.ParentRunner$1.schedule(ParentRunner.java:71)
	at org.junit.runners.ParentRunner.runChildren(ParentRunner.java:288)
	at org.junit.runners.ParentRunner.access$000(ParentRunner.java:58)
	at org.junit.runners.ParentRunner$2.evaluate(ParentRunner.java:268)
	at org.junit.runners.ParentRunner.run(ParentRunner.java:363)
	at org.apache.maven.surefire.junit4.JUnit4Provider.execute(JUnit4Provider.java:252)
	at org.apache.maven.surefire.junit4.JUnit4Provider.executeTestSet(JUnit4Provider.java:141)
	at org.apache.maven.surefire.junit4.JUnit4Provider.invoke(JUnit4Provider.java:112)
	at sun.reflect.NativeMethodAccessorImpl.invoke0(Native Method)
	at sun.reflect.NativeMethodAccessorImpl.invoke(NativeMethodAccessorImpl.java:62)
	at sun.reflect.DelegatingMethodAccessorImpl.invoke(DelegatingMethodAccessorImpl.java:43)
	at java.lang.reflect.Method.invoke(Method.java:497)
	at org.apache.maven.surefire.util.ReflectionUtils.invokeMethodWithArray(ReflectionUtils.java:189)
	at org.apache.maven.surefire.booter.ProviderFactory$ProviderProxy.invoke(ProviderFactory.java:165)
	at org.apache.maven.surefire.booter.ProviderFactory.invokeProvider(ProviderFactory.java:85)
	at org.apache.maven.surefire.booter.ForkedBooter.runSuitesInProcess(ForkedBooter.java:115)
	at org.apache.maven.surefire.booter.ForkedBooter.main(ForkedBooter.java:75)
</error>
    <system-out>Hibernate: select patient0_.refNo as refNo1_8_, patient0_.address as address2_8_, patient0_.bhtNo as bhtNo3_8_, patient0_.contactNo as contactN4_8_, patient0_.dob as dob5_8_, patient0_.gender as gender6_8_, patient0_.name as name7_8_, patient0_.nicNo as nicNo8_8_ from patient patient0_
Hibernate: select medicalhx0_.id as id1_3_1_, medicalhx0_.ayurveda as ayurveda2_3_1_, medicalhx0_.exPhysiotherapy as exPhysio3_3_1_, medicalhx0_.familyHx as familyHx4_3_1_, medicalhx0_.injury as injury5_3_1_, medicalhx0_.medication as medicati6_3_1_, medicalhx0_.other as other7_3_1_, medicalhx0_.patient_id as patient10_3_1_, medicalhx0_.socialHx as socialHx8_3_1_, medicalhx0_.surgery as surgery9_3_1_, patient1_.refNo as refNo1_8_0_, patient1_.address as address2_8_0_, patient1_.bhtNo as bhtNo3_8_0_, patient1_.contactNo as contactN4_8_0_, patient1_.dob as dob5_8_0_, patient1_.gender as gender6_8_0_, patient1_.name as name7_8_0_, patient1_.nicNo as nicNo8_8_0_ from medicalHx medicalhx0_ inner join patient patient1_ on medicalhx0_.patient_id=patient1_.refNo where medicalhx0_.patient_id=?
Hibernate: select medicalhx0_.id as id1_3_1_, medicalhx0_.ayurveda as ayurveda2_3_1_, medicalhx0_.exPhysiotherapy as exPhysio3_3_1_, medicalhx0_.familyHx as familyHx4_3_1_, medicalhx0_.injury as injury5_3_1_, medicalhx0_.medication as medicati6_3_1_, medicalhx0_.other as other7_3_1_, medicalhx0_.patient_id as patient10_3_1_, medicalhx0_.socialHx as socialHx8_3_1_, medicalhx0_.surgery as surgery9_3_1_, patient1_.refNo as refNo1_8_0_, patient1_.address as address2_8_0_, patient1_.bhtNo as bhtNo3_8_0_, patient1_.contactNo as contactN4_8_0_, patient1_.dob as dob5_8_0_, patient1_.gender as gender6_8_0_, patient1_.name as name7_8_0_, patient1_.nicNo as nicNo8_8_0_ from medicalHx medicalhx0_ inner join patient patient1_ on medicalhx0_.patient_id=patient1_.refNo where medicalhx0_.patient_id=?
Hibernate: select medicalhx0_.id as id1_3_1_, medicalhx0_.ayurveda as ayurveda2_3_1_, medicalhx0_.exPhysiotherapy as exPhysio3_3_1_, medicalhx0_.familyHx as familyHx4_3_1_, medicalhx0_.injury as injury5_3_1_, medicalhx0_.medication as medicati6_3_1_, medicalhx0_.other as other7_3_1_, medicalhx0_.patient_id as patient10_3_1_, medicalhx0_.socialHx as socialHx8_3_1_, medicalhx0_.surgery as surgery9_3_1_, patient1_.refNo as refNo1_8_0_, patient1_.address as address2_8_0_, patient1_.bhtNo as bhtNo3_8_0_, patient1_.contactNo as contactN4_8_0_, patient1_.dob as dob5_8_0_, patient1_.gender as gender6_8_0_, patient1_.name as name7_8_0_, patient1_.nicNo as nicNo8_8_0_ from medicalHx medicalhx0_ inner join patient patient1_ on medicalhx0_.patient_id=patient1_.refNo where medicalhx0_.patient_id=?
Hibernate: select medicalhx0_.id as id1_3_1_, medicalhx0_.ayurveda as ayurveda2_3_1_, medicalhx0_.exPhysiotherapy as exPhysio3_3_1_, medicalhx0_.familyHx as familyHx4_3_1_, medicalhx0_.injury as injury5_3_1_, medicalhx0_.medication as medicati6_3_1_, medicalhx0_.other as other7_3_1_, medicalhx0_.patient_id as patient10_3_1_, medicalhx0_.socialHx as socialHx8_3_1_, medicalhx0_.surgery as surgery9_3_1_, patient1_.refNo as refNo1_8_0_, patient1_.address as address2_8_0_, patient1_.bhtNo as bhtNo3_8_0_, patient1_.contactNo as contactN4_8_0_, patient1_.dob as dob5_8_0_, patient1_.gender as gender6_8_0_, patient1_.name as name7_8_0_, patient1_.nicNo as nicNo8_8_0_ from medicalHx medicalhx0_ inner join patient patient1_ on medicalhx0_.patient_id=patient1_.refNo where medicalhx0_.patient_id=?
Hibernate: select medicalhx0_.id as id1_3_1_, medicalhx0_.ayurveda as ayurveda2_3_1_, medicalhx0_.exPhysiotherapy as exPhysio3_3_1_, medicalhx0_.familyHx as familyHx4_3_1_, medicalhx0_.injury as injury5_3_1_, medicalhx0_.medication as medicati6_3_1_, medicalhx0_.other as other7_3_1_, medicalhx0_.patient_id as patient10_3_1_, medicalhx0_.socialHx as socialHx8_3_1_, medicalhx0_.surgery as surgery9_3_1_, patient1_.refNo as refNo1_8_0_, patient1_.address as address2_8_0_, patient1_.bhtNo as bhtNo3_8_0_, patient1_.contactNo as contactN4_8_0_, patient1_.dob as dob5_8_0_, patient1_.gender as gender6_8_0_, patient1_.name as name7_8_0_, patient1_.nicNo as nicNo8_8_0_ from medicalHx medicalhx0_ inner join patient patient1_ on medicalhx0_.patient_id=patient1_.refNo where medicalhx0_.patient_id=?
Hibernate: select medicalhx0_.id as id1_3_1_, medicalhx0_.ayurveda as ayurveda2_3_1_, medicalhx0_.exPhysiotherapy as exPhysio3_3_1_, medicalhx0_.familyHx as familyHx4_3_1_, medicalhx0_.injury as injury5_3_1_, medicalhx0_.medication as medicati6_3_1_, medicalhx0_.other as other7_3_1_, medicalhx0_.patient_id as patient10_3_1_, medicalhx0_.socialHx as socialHx8_3_1_, medicalhx0_.surgery as surgery9_3_1_, patient1_.refNo as refNo1_8_0_, patient1_.address as address2_8_0_, patient1_.bhtNo as bhtNo3_8_0_, patient1_.contactNo as contactN4_8_0_, patient1_.dob as dob5_8_0_, patient1_.gender as gender6_8_0_, patient1_.name as name7_8_0_, patient1_.nicNo as nicNo8_8_0_ from medicalHx medicalhx0_ inner join patient patient1_ on medicalhx0_.patient_id=patient1_.refNo where medicalhx0_.patient_id=?
Hibernate: select medicalhx0_.id as id1_3_1_, medicalhx0_.ayurveda as ayurveda2_3_1_, medicalhx0_.exPhysiotherapy as exPhysio3_3_1_, medicalhx0_.familyHx as familyHx4_3_1_, medicalhx0_.injury as injury5_3_1_, medicalhx0_.medication as medicati6_3_1_, medicalhx0_.other as other7_3_1_, medicalhx0_.patient_id as patient10_3_1_, medicalhx0_.socialHx as socialHx8_3_1_, medicalhx0_.surgery as surgery9_3_1_, patient1_.refNo as refNo1_8_0_, patient1_.address as address2_8_0_, patient1_.bhtNo as bhtNo3_8_0_, patient1_.contactNo as contactN4_8_0_, patient1_.dob as dob5_8_0_, patient1_.gender as gender6_8_0_, patient1_.name as name7_8_0_, patient1_.nicNo as nicNo8_8_0_ from medicalHx medicalhx0_ inner join patient patient1_ on medicalhx0_.patient_id=patient1_.refNo where medicalhx0_.patient_id=?
Hibernate: select medicalhx0_.id as id1_3_1_, medicalhx0_.ayurveda as ayurveda2_3_1_, medicalhx0_.exPhysiotherapy as exPhysio3_3_1_, medicalhx0_.familyHx as familyHx4_3_1_, medicalhx0_.injury as injury5_3_1_, medicalhx0_.medication as medicati6_3_1_, medicalhx0_.other as other7_3_1_, medicalhx0_.patient_id as patient10_3_1_, medicalhx0_.socialHx as socialHx8_3_1_, medicalhx0_.surgery as surgery9_3_1_, patient1_.refNo as refNo1_8_0_, patient1_.address as address2_8_0_, patient1_.bhtNo as bhtNo3_8_0_, patient1_.contactNo as contactN4_8_0_, patient1_.dob as dob5_8_0_, patient1_.gender as gender6_8_0_, patient1_.name as name7_8_0_, patient1_.nicNo as nicNo8_8_0_ from medicalHx medicalhx0_ inner join patient patient1_ on medicalhx0_.patient_id=patient1_.refNo where medicalhx0_.patient_id=?
Hibernate: select medicalhx0_.id as id1_3_1_, medicalhx0_.ayurveda as ayurveda2_3_1_, medicalhx0_.exPhysiotherapy as exPhysio3_3_1_, medicalhx0_.familyHx as familyHx4_3_1_, medicalhx0_.injury as injury5_3_1_, medicalhx0_.medication as medicati6_3_1_, medicalhx0_.other as other7_3_1_, medicalhx0_.patient_id as patient10_3_1_, medicalhx0_.socialHx as socialHx8_3_1_, medicalhx0_.surgery as surgery9_3_1_, patient1_.refNo as refNo1_8_0_, patient1_.address as address2_8_0_, patient1_.bhtNo as bhtNo3_8_0_, patient1_.contactNo as contactN4_8_0_, patient1_.dob as dob5_8_0_, patient1_.gender as gender6_8_0_, patient1_.name as name7_8_0_, patient1_.nicNo as nicNo8_8_0_ from medicalHx medicalhx0_ inner join patient patient1_ on medicalhx0_.patient_id=patient1_.refNo where medicalhx0_.patient_id=?
Hibernate: select medicalhx0_.id as id1_3_1_, medicalhx0_.ayurveda as ayurveda2_3_1_, medicalhx0_.exPhysiotherapy as exPhysio3_3_1_, medicalhx0_.familyHx as familyHx4_3_1_, medicalhx0_.injury as injury5_3_1_, medicalhx0_.medication as medicati6_3_1_, medicalhx0_.other as other7_3_1_, medicalhx0_.patient_id as patient10_3_1_, medicalhx0_.socialHx as socialHx8_3_1_, medicalhx0_.surgery as surgery9_3_1_, patient1_.refNo as refNo1_8_0_, patient1_.address as address2_8_0_, patient1_.bhtNo as bhtNo3_8_0_, patient1_.contactNo as contactN4_8_0_, patient1_.dob as dob5_8_0_, patient1_.gender as gender6_8_0_, patient1_.name as name7_8_0_, patient1_.nicNo as nicNo8_8_0_ from medicalHx medicalhx0_ inner join patient patient1_ on medicalhx0_.patient_id=patient1_.refNo where medicalhx0_.patient_id=?
</system-out>
    <system-err>May 12, 2017 10:37:25 PM javafx.fxml.FXMLLoader$ValueElement processValue
WARNING: Loading FXML document with JavaFX API of version 8.0.111 by JavaFX runtime of version 8.0.60
</system-err>
  </testcase>
  <testcase classname="com.mycompany.chiroSupport.sample.ReceptionistDataEntryTest" name="checkNameFld" time="0.19"/>
</testsuite>